<?xml version="1.0" encoding="UTF-8"?>
<!-- Generated by org.testng.reporters.JUnitReportReporter -->
<testsuite skipped="0" hostname="Ajit-PC" name="script.TestScript" tests="1" failures="0" timestamp="16 Aug 2018 10:03:19 GMT" time="44.197" errors="0">
  <testcase name="validLogin" time="44.197" classname="script.TestScript"/>
</testsuite> <!-- script.TestScript -->
